app/build/intermediates/manifest_merge_blame_file/debug/manifest-merger-blame-debug-report.txt
1<?xml version="1.0" encoding="utf-8"?>
2<manifest xmlns:android="http://schemas.android.com/apk/res/android"
3    package="com.example.eatathome"
4    android:versionCode="1"
5    android:versionName="1.0" >
6
7    <uses-sdk
8        android:minSdkVersion="16"
8-->src\main\AndroidManifest.xml
9        android:targetSdkVersion="30" />
9-->src\main\AndroidManifest.xml
10
11    <uses-permission android:name="android.permission.READ_EXTERNAL_STORAGE" />
11-->src\main\AndroidManifest.xml:5:5-80
11-->src\main\AndroidManifest.xml:5:22-77
12    <uses-permission android:name="android.permission.WRITE_EXTERNAL_STORAGE" />
12-->src\main\AndroidManifest.xml:6:5-81
12-->src\main\AndroidManifest.xml:6:22-78
13    <uses-permission android:name="android.permission.INTERNET" /> <!-- Although the *SdkVersion is captured in gradle build files, this is required for non gradle builds -->
13-->[com.firebaseui:firebase-ui-database:3.2.2] AndroidManifest.xml:11:5-67
13-->[com.firebaseui:firebase-ui-database:3.2.2] AndroidManifest.xml:11:22-64
14    <!-- <uses-sdk android:minSdkVersion="14"/> -->
15    <uses-permission android:name="android.permission.ACCESS_NETWORK_STATE" />
15-->[com.google.firebase:firebase-database:19.5.0] AndroidManifest.xml:25:5-79
15-->[com.google.firebase:firebase-database:19.5.0] AndroidManifest.xml:25:22-76
16    <uses-permission android:name="android.permission.WAKE_LOCK" />
16-->[com.google.android.gms:play-services-measurement-api:17.6.0] AndroidManifest.xml:24:5-68
16-->[com.google.android.gms:play-services-measurement-api:17.6.0] AndroidManifest.xml:24:22-65
17    <uses-permission android:name="com.google.android.finsky.permission.BIND_GET_INSTALL_REFERRER_SERVICE" />
17-->[com.google.android.gms:play-services-measurement:17.6.0] AndroidManifest.xml:26:5-110
17-->[com.google.android.gms:play-services-measurement:17.6.0] AndroidManifest.xml:26:22-107
18
19    <application
19-->src\main\AndroidManifest.xml:8:5-48:19
20        android:allowBackup="true"
20-->src\main\AndroidManifest.xml:9:9-35
21        android:appComponentFactory="androidx.core.app.CoreComponentFactory"
21-->[androidx.core:core:1.3.1] AndroidManifest.xml:24:18-86
22        android:debuggable="true"
23        android:icon="@mipmap/ic_launcher"
23-->src\main\AndroidManifest.xml:10:9-43
24        android:label="@string/app_name"
24-->src\main\AndroidManifest.xml:11:9-41
25        android:roundIcon="@mipmap/ic_launcher_round"
25-->src\main\AndroidManifest.xml:12:9-54
26        android:supportsRtl="true"
26-->src\main\AndroidManifest.xml:13:9-35
27        android:theme="@style/AppTheme" >
27-->src\main\AndroidManifest.xml:14:9-40
28        <activity android:name="com.example.Customer.MyOrders" />
28-->src\main\AndroidManifest.xml:15:9-75
28-->src\main\AndroidManifest.xml:15:19-63
29        <activity android:name="com.example.Customer.SearchActivity" />
29-->src\main\AndroidManifest.xml:16:9-72
29-->src\main\AndroidManifest.xml:16:19-69
30        <activity android:name="com.example.ApplicationAdmin.AllDelieveryBoys" />
30-->src\main\AndroidManifest.xml:17:9-82
30-->src\main\AndroidManifest.xml:17:19-79
31        <activity android:name="com.example.RestaurantOwner.OwnerRestMenu" />
31-->src\main\AndroidManifest.xml:18:9-78
31-->src\main\AndroidManifest.xml:18:19-75
32        <activity android:name="com.example.RestaurantOwner.AdminMaintainProductsActivity" />
32-->src\main\AndroidManifest.xml:19:9-94
32-->src\main\AndroidManifest.xml:19:19-91
33        <activity android:name="com.example.RestaurantOwner.AdminUserProductsActivity" />
33-->src\main\AndroidManifest.xml:20:9-90
33-->src\main\AndroidManifest.xml:20:19-87
34        <activity android:name="com.example.RestaurantOwner.OwnerNewOrdersActivity" />
34-->src\main\AndroidManifest.xml:21:9-87
34-->src\main\AndroidManifest.xml:21:19-84
35        <activity android:name="com.example.Customer.ConfirmFinalOrderActivity" />
35-->src\main\AndroidManifest.xml:22:9-83
35-->src\main\AndroidManifest.xml:22:19-80
36        <activity android:name="com.example.Customer.CartActivity" />
36-->src\main\AndroidManifest.xml:23:9-70
36-->src\main\AndroidManifest.xml:23:19-67
37        <activity android:name="com.example.Customer.ProductDetailsActivity" />
37-->src\main\AndroidManifest.xml:24:9-80
37-->src\main\AndroidManifest.xml:24:19-77
38        <activity android:name="com.example.RestaurantOwner.OwnerAddNewProduct" />
38-->src\main\AndroidManifest.xml:25:9-83
38-->src\main\AndroidManifest.xml:25:19-80
39        <activity android:name="com.example.Customer.CustomerSettingActivity" />
39-->src\main\AndroidManifest.xml:26:9-81
39-->src\main\AndroidManifest.xml:26:19-78
40        <activity android:name="com.example.Customer.CustomerRestMenu" />
40-->src\main\AndroidManifest.xml:27:9-74
40-->src\main\AndroidManifest.xml:27:19-71
41        <activity android:name="com.example.ApplicationAdmin.AdminShowAllDeliveryBoys" />
41-->src\main\AndroidManifest.xml:28:9-90
41-->src\main\AndroidManifest.xml:28:19-87
42        <activity android:name="com.example.ApplicationAdmin.AdminShowAllRest" />
42-->src\main\AndroidManifest.xml:29:9-82
42-->src\main\AndroidManifest.xml:29:19-79
43        <activity android:name="com.example.ApplicationAdmin.AdminHireNewDelievryBoy" />
43-->src\main\AndroidManifest.xml:30:9-89
43-->src\main\AndroidManifest.xml:30:19-86
44        <activity android:name="com.example.ApplicationAdmin.AddminAddNewRestaurants" />
44-->src\main\AndroidManifest.xml:31:9-89
44-->src\main\AndroidManifest.xml:31:19-86
45        <activity android:name="com.example.RestaurantOwner.RestOwnerPannel" />
45-->src\main\AndroidManifest.xml:32:9-80
45-->src\main\AndroidManifest.xml:32:19-77
46        <activity android:name="com.example.DeliveryBoy.DeliveryBoyPannel" />
46-->src\main\AndroidManifest.xml:33:9-78
46-->src\main\AndroidManifest.xml:33:19-75
47        <activity android:name="com.example.ApplicationAdmin.ApplicationAdminPannel" />
47-->src\main\AndroidManifest.xml:34:9-88
47-->src\main\AndroidManifest.xml:34:19-85
48        <activity android:name="com.example.Customer.HomeActivity" />
48-->src\main\AndroidManifest.xml:35:9-70
48-->src\main\AndroidManifest.xml:35:19-67
49        <activity android:name="com.example.eatathome.LoginActivity" />
49-->src\main\AndroidManifest.xml:36:9-51
49-->src\main\AndroidManifest.xml:36:19-48
50        <activity android:name="com.example.eatathome.RegisterActivity" />
50-->src\main\AndroidManifest.xml:37:9-54
50-->src\main\AndroidManifest.xml:37:19-51
51        <activity android:name="com.example.eatathome.MainActivity" >
51-->src\main\AndroidManifest.xml:38:9-44:20
51-->src\main\AndroidManifest.xml:38:19-47
52            <intent-filter>
52-->src\main\AndroidManifest.xml:39:13-43:29
53                <action android:name="android.intent.action.MAIN" />
53-->src\main\AndroidManifest.xml:40:17-69
53-->src\main\AndroidManifest.xml:40:25-66
54
55                <category android:name="android.intent.category.LAUNCHER" />
55-->src\main\AndroidManifest.xml:42:17-77
55-->src\main\AndroidManifest.xml:42:27-74
56            </intent-filter>
57        </activity>
58        <activity
58-->src\main\AndroidManifest.xml:45:9-47:59
59            android:name="com.theartofdev.edmodo.cropper.CropImageActivity"
59-->src\main\AndroidManifest.xml:46:13-76
60            android:theme="@style/Base.Theme.AppCompat" />
60-->src\main\AndroidManifest.xml:47:13-56
61
62        <service
62-->[com.google.firebase:firebase-database:19.5.0] AndroidManifest.xml:29:9-35:19
63            android:name="com.google.firebase.components.ComponentDiscoveryService"
63-->[com.google.firebase:firebase-database:19.5.0] AndroidManifest.xml:30:13-84
64            android:directBootAware="true"
64-->[com.google.firebase:firebase-common:19.3.1] AndroidManifest.xml:35:13-43
65            android:exported="false" >
65-->[com.google.firebase:firebase-database:19.5.0] AndroidManifest.xml:31:13-37
66            <meta-data
66-->[com.google.firebase:firebase-database:19.5.0] AndroidManifest.xml:32:13-34:85
67                android:name="com.google.firebase.components:com.google.firebase.database.DatabaseRegistrar"
67-->[com.google.firebase:firebase-database:19.5.0] AndroidManifest.xml:33:17-109
68                android:value="com.google.firebase.components.ComponentRegistrar" />
68-->[com.google.firebase:firebase-database:19.5.0] AndroidManifest.xml:34:17-82
69            <meta-data
69-->[com.google.firebase:firebase-storage:19.2.0] AndroidManifest.xml:33:13-35:85
70                android:name="com.google.firebase.components:com.google.firebase.storage.StorageRegistrar"
70-->[com.google.firebase:firebase-storage:19.2.0] AndroidManifest.xml:34:17-107
71                android:value="com.google.firebase.components.ComponentRegistrar" />
71-->[com.google.firebase:firebase-storage:19.2.0] AndroidManifest.xml:35:17-82
72            <meta-data
72-->[com.google.android.gms:play-services-measurement-api:17.6.0] AndroidManifest.xml:30:13-32:85
73                android:name="com.google.firebase.components:com.google.firebase.analytics.connector.internal.AnalyticsConnectorRegistrar"
73-->[com.google.android.gms:play-services-measurement-api:17.6.0] AndroidManifest.xml:31:17-139
74                android:value="com.google.firebase.components.ComponentRegistrar" />
74-->[com.google.android.gms:play-services-measurement-api:17.6.0] AndroidManifest.xml:32:17-82
75            <meta-data
75-->[com.google.firebase:firebase-installations:16.3.2] AndroidManifest.xml:17:13-19:85
76                android:name="com.google.firebase.components:com.google.firebase.installations.FirebaseInstallationsRegistrar"
76-->[com.google.firebase:firebase-installations:16.3.2] AndroidManifest.xml:18:17-127
77                android:value="com.google.firebase.components.ComponentRegistrar" />
77-->[com.google.firebase:firebase-installations:16.3.2] AndroidManifest.xml:19:17-82
78        </service>
79
80        <provider
80-->[com.squareup.picasso:picasso:2.71828] AndroidManifest.xml:8:9-11:40
81            android:name="com.squareup.picasso.PicassoProvider"
81-->[com.squareup.picasso:picasso:2.71828] AndroidManifest.xml:9:13-64
82            android:authorities="com.example.eatathome.com.squareup.picasso"
82-->[com.squareup.picasso:picasso:2.71828] AndroidManifest.xml:10:13-72
83            android:exported="false" />
83-->[com.squareup.picasso:picasso:2.71828] AndroidManifest.xml:11:13-37
84
85        <activity
85-->[com.google.android.gms:play-services-base:17.0.0] AndroidManifest.xml:23:9-26:75
86            android:name="com.google.android.gms.common.api.GoogleApiActivity"
86-->[com.google.android.gms:play-services-base:17.0.0] AndroidManifest.xml:24:13-79
87            android:exported="false"
87-->[com.google.android.gms:play-services-base:17.0.0] AndroidManifest.xml:25:13-37
88            android:theme="@android:style/Theme.Translucent.NoTitleBar" />
88-->[com.google.android.gms:play-services-base:17.0.0] AndroidManifest.xml:26:13-72
89
90        <provider
90-->[com.google.firebase:firebase-common:19.3.1] AndroidManifest.xml:26:9-31:39
91            android:name="com.google.firebase.provider.FirebaseInitProvider"
91-->[com.google.firebase:firebase-common:19.3.1] AndroidManifest.xml:27:13-77
92            android:authorities="com.example.eatathome.firebaseinitprovider"
92-->[com.google.firebase:firebase-common:19.3.1] AndroidManifest.xml:28:13-72
93            android:directBootAware="true"
93-->[com.google.firebase:firebase-common:19.3.1] AndroidManifest.xml:29:13-43
94            android:exported="false"
94-->[com.google.firebase:firebase-common:19.3.1] AndroidManifest.xml:30:13-37
95            android:initOrder="100" />
95-->[com.google.firebase:firebase-common:19.3.1] AndroidManifest.xml:31:13-36
96
97        <receiver
97-->[com.google.android.gms:play-services-measurement:17.6.0] AndroidManifest.xml:29:9-33:20
98            android:name="com.google.android.gms.measurement.AppMeasurementReceiver"
98-->[com.google.android.gms:play-services-measurement:17.6.0] AndroidManifest.xml:30:13-85
99            android:enabled="true"
99-->[com.google.android.gms:play-services-measurement:17.6.0] AndroidManifest.xml:31:13-35
100            android:exported="false" >
100-->[com.google.android.gms:play-services-measurement:17.6.0] AndroidManifest.xml:32:13-37
101        </receiver>
102
103        <service
103-->[com.google.android.gms:play-services-measurement:17.6.0] AndroidManifest.xml:35:9-38:40
104            android:name="com.google.android.gms.measurement.AppMeasurementService"
104-->[com.google.android.gms:play-services-measurement:17.6.0] AndroidManifest.xml:36:13-84
105            android:enabled="true"
105-->[com.google.android.gms:play-services-measurement:17.6.0] AndroidManifest.xml:37:13-35
106            android:exported="false" />
106-->[com.google.android.gms:play-services-measurement:17.6.0] AndroidManifest.xml:38:13-37
107        <service
107-->[com.google.android.gms:play-services-measurement:17.6.0] AndroidManifest.xml:39:9-43:72
108            android:name="com.google.android.gms.measurement.AppMeasurementJobService"
108-->[com.google.android.gms:play-services-measurement:17.6.0] AndroidManifest.xml:40:13-87
109            android:enabled="true"
109-->[com.google.android.gms:play-services-measurement:17.6.0] AndroidManifest.xml:41:13-35
110            android:exported="false"
110-->[com.google.android.gms:play-services-measurement:17.6.0] AndroidManifest.xml:42:13-37
111            android:permission="android.permission.BIND_JOB_SERVICE" />
111-->[com.google.android.gms:play-services-measurement:17.6.0] AndroidManifest.xml:43:13-69
112
113        <meta-data
113-->[com.google.android.gms:play-services-basement:17.0.0] AndroidManifest.xml:23:9-25:69
114            android:name="com.google.android.gms.version"
114-->[com.google.android.gms:play-services-basement:17.0.0] AndroidManifest.xml:24:13-58
115            android:value="@integer/google_play_services_version" />
115-->[com.google.android.gms:play-services-basement:17.0.0] AndroidManifest.xml:25:13-66
116    </application>
117
118</manifest>